<?xml version="1.0" encoding="UTF-8"?>
<testng-results ignored="0" total="1" passed="1" failed="0" skipped="0">
  <reporter-output>
  </reporter-output>
  <suite started-at="2022-01-14T13:37:01 IST" name="Suite" finished-at="2022-01-14T13:39:04 IST" duration-ms="122914">
    <groups>
    </groups>
    <test started-at="2022-01-14T13:37:01 IST" name="Test" finished-at="2022-01-14T13:39:04 IST" duration-ms="122914">
      <class name="testScripts.ValiLogin">
        <test-method is-config="true" signature="openAppl()[pri:0, instance:testScripts.ValiLogin@66f57048]" started-at="2022-01-14T13:37:01 IST" name="openAppl" finished-at="2022-01-14T13:38:42 IST" duration-ms="101014" status="PASS">
          <reporter-output>
          </reporter-output>
        </test-method> <!-- openAppl -->
        <test-method signature="getLogged()[pri:0, instance:testScripts.ValiLogin@66f57048]" started-at="2022-01-14T13:38:42 IST" name="getLogged" finished-at="2022-01-14T13:39:02 IST" duration-ms="19913" status="PASS">
          <reporter-output>
          </reporter-output>
        </test-method> <!-- getLogged -->
        <test-method is-config="true" signature="closeAppln(org.testng.ITestResult)[pri:0, instance:testScripts.ValiLogin@66f57048]" started-at="2022-01-14T13:39:02 IST" name="closeAppln" finished-at="2022-01-14T13:39:04 IST" duration-ms="1883" status="PASS">
          <params>
            <param index="0">
              <value>
                <![CDATA[[TestResult name=getLogged status=SUCCESS method=ValiLogin.getLogged()[pri:0, instance:testScripts.ValiLogin@66f57048] output={null}]]]>
              </value>
            </param>
          </params>
          <reporter-output>
          </reporter-output>
        </test-method> <!-- closeAppln -->
      </class> <!-- testScripts.ValiLogin -->
    </test> <!-- Test -->
  </suite> <!-- Suite -->
</testng-results>
